\BOOKMARK [1][-]{section*.1}{Acknowledgments}{}% 1
\BOOKMARK [1][-]{section*.2}{Resumo}{}% 2
\BOOKMARK [1][-]{section*.3}{Abstract}{}% 3
\BOOKMARK [1][-]{section*.5}{List of Tables}{}% 4
\BOOKMARK [1][-]{section*.7}{List of Figures}{}% 5
\BOOKMARK [1][-]{section*.9}{Nomenclature}{}% 6
\BOOKMARK [1][-]{section*.10}{Glossary}{}% 7
\BOOKMARK [0][-]{chapter.1}{1 Introduction}{}% 8
\BOOKMARK [1][-]{section.1.1}{1.1 Motivation}{chapter.1}% 9
\BOOKMARK [1][-]{section.1.2}{1.2 Topic Overview}{chapter.1}% 10
\BOOKMARK [1][-]{section.1.3}{1.3 Objectives}{chapter.1}% 11
\BOOKMARK [1][-]{section.1.4}{1.4 Thesis Outline}{chapter.1}% 12
\BOOKMARK [0][-]{chapter.2}{2 Background}{}% 13
\BOOKMARK [1][-]{section.2.1}{2.1 Theoretical Overview}{chapter.2}% 14
\BOOKMARK [1][-]{section.2.2}{2.2 Theoretical Model 1}{chapter.2}% 15
\BOOKMARK [1][-]{section.2.3}{2.3 Theoretical Model 2}{chapter.2}% 16
\BOOKMARK [0][-]{chapter.3}{3 Implementation}{}% 17
\BOOKMARK [1][-]{section.3.1}{3.1 Numerical Model}{chapter.3}% 18
\BOOKMARK [1][-]{section.3.2}{3.2 Verification and Validation}{chapter.3}% 19
\BOOKMARK [0][-]{chapter.4}{4 Results}{}% 20
\BOOKMARK [1][-]{section.4.1}{4.1 Problem Description}{chapter.4}% 21
\BOOKMARK [1][-]{section.4.2}{4.2 Baseline Solution}{chapter.4}% 22
\BOOKMARK [1][-]{section.4.3}{4.3 Enhanced Solution}{chapter.4}% 23
\BOOKMARK [2][-]{subsection.4.3.1}{4.3.1 Figures}{section.4.3}% 24
\BOOKMARK [2][-]{subsection.4.3.2}{4.3.2 Equations}{section.4.3}% 25
\BOOKMARK [2][-]{subsection.4.3.3}{4.3.3 Tables}{section.4.3}% 26
\BOOKMARK [2][-]{subsection.4.3.4}{4.3.4 Mixing}{section.4.3}% 27
\BOOKMARK [0][-]{chapter.5}{5 Conclusions}{}% 28
\BOOKMARK [1][-]{section.5.1}{5.1 Achievements}{chapter.5}% 29
\BOOKMARK [1][-]{section.5.2}{5.2 Future Work}{chapter.5}% 30
\BOOKMARK [0][-]{section*.13}{Bibliography}{}% 31
\BOOKMARK [0][-]{appendix.A}{A Vector calculus}{}% 32
\BOOKMARK [1][-]{section.A.1}{A.1 Vector identities}{appendix.A}% 33
\BOOKMARK [0][-]{appendix.B}{B Technical Datasheets}{}% 34
\BOOKMARK [1][-]{section.B.1}{B.1 Some Datasheet}{appendix.B}% 35
